<?xml version="1.0" encoding="UTF-8"?><testsuite errors="1" failures="0" name="com.fast.cosmin.features.search.LoginSearchRandomTest" skipped="0" tests="1" time="3.9" timestamp="2018-04-02T19:38:19.859616700+03:00[Europe/Athens]"><testcase classname="com.fast.cosmin.features.search.LoginSearchRandomTest" name="Log search random"><error type="java.lang.NullPointerException"/><system-err>null&#13;
com.fast.cosmin.features.search.LoginSearchRandomTest.logSearchRandom(LoginSearchRandomTest.java:31)&#13;
java.base/jdk.internal.reflect.NativeMethodAccessorImpl.invoke0(Native Method)&#13;
java.base/jdk.internal.reflect.NativeMethodAccessorImpl.invoke(NativeMethodAccessorImpl.java:62)&#13;
java.base/jdk.internal.reflect.DelegatingMethodAccessorImpl.invoke(DelegatingMethodAccessorImpl.java:43)&#13;
</system-err></testcase></testsuite>